12:46:04.462 [NamespaceSystem-akka.actor.default-dispatcher-5] INFO akka.event.slf4j.Slf4jLogger - Slf4jLogger started
12:46:04.866 [main] INFO com.firebase.server.forge.App$ - Listening at localhost:9000
12:47:25.026 [TriggersWorkerPool-3-1] ERROR com.firebase.server.client.GCFEmulatorPublisher - our-tubes-default-rtdb failed to publish trigger to functions emulator with exception
com.firebase.server.router.IdleTimeoutException: null
	at com.firebase.server.router.IdleStateDetectionHandler$.<init>(IdleStateDetectionHandler.scala:13)
	at com.firebase.server.router.IdleStateDetectionHandler$.<clinit>(IdleStateDetectionHandler.scala)
	at com.firebase.server.router.ServerChannelInitializer.$anonfun$initChannel$1(ServerChannelInitializer.scala:113)
	at com.firebase.server.router.ServerChannelInitializer$.withGroup(ServerChannelInitializer.scala:69)
	at com.firebase.server.router.ServerChannelInitializer.initChannel(ServerChannelInitializer.scala:110)
	at io.netty.channel.ChannelInitializer.initChannel(ChannelInitializer.java:113)
	at io.netty.channel.ChannelInitializer.handlerAdded(ChannelInitializer.java:105)
	at io.netty.channel.DefaultChannelPipeline.callHandlerAdded0(DefaultChannelPipeline.java:590)
	at io.netty.channel.DefaultChannelPipeline.access$000(DefaultChannelPipeline.java:44)
	at io.netty.channel.DefaultChannelPipeline$PendingHandlerAddedTask.execute(DefaultChannelPipeline.java:1355)
	at io.netty.channel.DefaultChannelPipeline.callHandlerAddedForAllHandlers(DefaultChannelPipeline.java:1090)
	at io.netty.channel.DefaultChannelPipeline.invokeHandlerAddedIfNeeded(DefaultChannelPipeline.java:640)
	at io.netty.channel.AbstractChannel$AbstractUnsafe.register0(AbstractChannel.java:452)
	at io.netty.channel.AbstractChannel$AbstractUnsafe.access$200(AbstractChannel.java:374)
	at io.netty.channel.AbstractChannel$AbstractUnsafe$1.run(AbstractChannel.java:424)
	at io.netty.util.concurrent.SingleThreadEventExecutor.runAllTasks(SingleThreadEventExecutor.java:399)
	at io.netty.channel.nio.NioEventLoop.run(NioEventLoop.java:464)
	at io.netty.util.concurrent.SingleThreadEventExecutor$2.run(SingleThreadEventExecutor.java:131)
	at io.netty.util.concurrent.DefaultThreadFactory$DefaultRunnableDecorator.run(DefaultThreadFactory.java:138)
	at java.lang.Thread.run(Thread.java:748)
12:47:25.026 [TriggersWorkerPool-3-2] ERROR com.firebase.server.client.GCFEmulatorPublisher - our-tubes-default-rtdb failed to publish trigger to functions emulator with exception
com.firebase.server.router.IdleTimeoutException: null
	at com.firebase.server.router.IdleStateDetectionHandler$.<init>(IdleStateDetectionHandler.scala:13)
	at com.firebase.server.router.IdleStateDetectionHandler$.<clinit>(IdleStateDetectionHandler.scala)
	at com.firebase.server.router.ServerChannelInitializer.$anonfun$initChannel$1(ServerChannelInitializer.scala:113)
	at com.firebase.server.router.ServerChannelInitializer$.withGroup(ServerChannelInitializer.scala:69)
	at com.firebase.server.router.ServerChannelInitializer.initChannel(ServerChannelInitializer.scala:110)
	at io.netty.channel.ChannelInitializer.initChannel(ChannelInitializer.java:113)
	at io.netty.channel.ChannelInitializer.handlerAdded(ChannelInitializer.java:105)
	at io.netty.channel.DefaultChannelPipeline.callHandlerAdded0(DefaultChannelPipeline.java:590)
	at io.netty.channel.DefaultChannelPipeline.access$000(DefaultChannelPipeline.java:44)
	at io.netty.channel.DefaultChannelPipeline$PendingHandlerAddedTask.execute(DefaultChannelPipeline.java:1355)
	at io.netty.channel.DefaultChannelPipeline.callHandlerAddedForAllHandlers(DefaultChannelPipeline.java:1090)
	at io.netty.channel.DefaultChannelPipeline.invokeHandlerAddedIfNeeded(DefaultChannelPipeline.java:640)
	at io.netty.channel.AbstractChannel$AbstractUnsafe.register0(AbstractChannel.java:452)
	at io.netty.channel.AbstractChannel$AbstractUnsafe.access$200(AbstractChannel.java:374)
	at io.netty.channel.AbstractChannel$AbstractUnsafe$1.run(AbstractChannel.java:424)
	at io.netty.util.concurrent.SingleThreadEventExecutor.runAllTasks(SingleThreadEventExecutor.java:399)
	at io.netty.channel.nio.NioEventLoop.run(NioEventLoop.java:464)
	at io.netty.util.concurrent.SingleThreadEventExecutor$2.run(SingleThreadEventExecutor.java:131)
	at io.netty.util.concurrent.DefaultThreadFactory$DefaultRunnableDecorator.run(DefaultThreadFactory.java:138)
	at java.lang.Thread.run(Thread.java:748)
12:47:25.027 [TriggersWorkerPool-3-1] ERROR com.firebase.server.client.GCFEmulatorPublisher - our-tubes-default-rtdb failed to publish trigger to functions emulator with exception
com.firebase.server.router.IdleTimeoutException: null
	at com.firebase.server.router.IdleStateDetectionHandler$.<init>(IdleStateDetectionHandler.scala:13)
	at com.firebase.server.router.IdleStateDetectionHandler$.<clinit>(IdleStateDetectionHandler.scala)
	at com.firebase.server.router.ServerChannelInitializer.$anonfun$initChannel$1(ServerChannelInitializer.scala:113)
	at com.firebase.server.router.ServerChannelInitializer$.withGroup(ServerChannelInitializer.scala:69)
	at com.firebase.server.router.ServerChannelInitializer.initChannel(ServerChannelInitializer.scala:110)
	at io.netty.channel.ChannelInitializer.initChannel(ChannelInitializer.java:113)
	at io.netty.channel.ChannelInitializer.handlerAdded(ChannelInitializer.java:105)
	at io.netty.channel.DefaultChannelPipeline.callHandlerAdded0(DefaultChannelPipeline.java:590)
	at io.netty.channel.DefaultChannelPipeline.access$000(DefaultChannelPipeline.java:44)
	at io.netty.channel.DefaultChannelPipeline$PendingHandlerAddedTask.execute(DefaultChannelPipeline.java:1355)
	at io.netty.channel.DefaultChannelPipeline.callHandlerAddedForAllHandlers(DefaultChannelPipeline.java:1090)
	at io.netty.channel.DefaultChannelPipeline.invokeHandlerAddedIfNeeded(DefaultChannelPipeline.java:640)
	at io.netty.channel.AbstractChannel$AbstractUnsafe.register0(AbstractChannel.java:452)
	at io.netty.channel.AbstractChannel$AbstractUnsafe.access$200(AbstractChannel.java:374)
	at io.netty.channel.AbstractChannel$AbstractUnsafe$1.run(AbstractChannel.java:424)
	at io.netty.util.concurrent.SingleThreadEventExecutor.runAllTasks(SingleThreadEventExecutor.java:399)
	at io.netty.channel.nio.NioEventLoop.run(NioEventLoop.java:464)
	at io.netty.util.concurrent.SingleThreadEventExecutor$2.run(SingleThreadEventExecutor.java:131)
	at io.netty.util.concurrent.DefaultThreadFactory$DefaultRunnableDecorator.run(DefaultThreadFactory.java:138)
	at java.lang.Thread.run(Thread.java:748)
12:47:25.027 [TriggersWorkerPool-3-2] ERROR com.firebase.server.client.GCFEmulatorPublisher - our-tubes-default-rtdb failed to publish trigger to functions emulator with exception
com.firebase.server.router.IdleTimeoutException: null
	at com.firebase.server.router.IdleStateDetectionHandler$.<init>(IdleStateDetectionHandler.scala:13)
	at com.firebase.server.router.IdleStateDetectionHandler$.<clinit>(IdleStateDetectionHandler.scala)
	at com.firebase.server.router.ServerChannelInitializer.$anonfun$initChannel$1(ServerChannelInitializer.scala:113)
	at com.firebase.server.router.ServerChannelInitializer$.withGroup(ServerChannelInitializer.scala:69)
	at com.firebase.server.router.ServerChannelInitializer.initChannel(ServerChannelInitializer.scala:110)
	at io.netty.channel.ChannelInitializer.initChannel(ChannelInitializer.java:113)
	at io.netty.channel.ChannelInitializer.handlerAdded(ChannelInitializer.java:105)
	at io.netty.channel.DefaultChannelPipeline.callHandlerAdded0(DefaultChannelPipeline.java:590)
	at io.netty.channel.DefaultChannelPipeline.access$000(DefaultChannelPipeline.java:44)
	at io.netty.channel.DefaultChannelPipeline$PendingHandlerAddedTask.execute(DefaultChannelPipeline.java:1355)
	at io.netty.channel.DefaultChannelPipeline.callHandlerAddedForAllHandlers(DefaultChannelPipeline.java:1090)
	at io.netty.channel.DefaultChannelPipeline.invokeHandlerAddedIfNeeded(DefaultChannelPipeline.java:640)
	at io.netty.channel.AbstractChannel$AbstractUnsafe.register0(AbstractChannel.java:452)
	at io.netty.channel.AbstractChannel$AbstractUnsafe.access$200(AbstractChannel.java:374)
	at io.netty.channel.AbstractChannel$AbstractUnsafe$1.run(AbstractChannel.java:424)
	at io.netty.util.concurrent.SingleThreadEventExecutor.runAllTasks(SingleThreadEventExecutor.java:399)
	at io.netty.channel.nio.NioEventLoop.run(NioEventLoop.java:464)
	at io.netty.util.concurrent.SingleThreadEventExecutor$2.run(SingleThreadEventExecutor.java:131)
	at io.netty.util.concurrent.DefaultThreadFactory$DefaultRunnableDecorator.run(DefaultThreadFactory.java:138)
	at java.lang.Thread.run(Thread.java:748)
12:47:25.028 [TriggersWorkerPool-3-1] ERROR com.firebase.server.client.GCFEmulatorPublisher - our-tubes-default-rtdb failed to publish trigger to functions emulator with exception
com.firebase.server.router.IdleTimeoutException: null
	at com.firebase.server.router.IdleStateDetectionHandler$.<init>(IdleStateDetectionHandler.scala:13)
	at com.firebase.server.router.IdleStateDetectionHandler$.<clinit>(IdleStateDetectionHandler.scala)
	at com.firebase.server.router.ServerChannelInitializer.$anonfun$initChannel$1(ServerChannelInitializer.scala:113)
	at com.firebase.server.router.ServerChannelInitializer$.withGroup(ServerChannelInitializer.scala:69)
	at com.firebase.server.router.ServerChannelInitializer.initChannel(ServerChannelInitializer.scala:110)
	at io.netty.channel.ChannelInitializer.initChannel(ChannelInitializer.java:113)
	at io.netty.channel.ChannelInitializer.handlerAdded(ChannelInitializer.java:105)
	at io.netty.channel.DefaultChannelPipeline.callHandlerAdded0(DefaultChannelPipeline.java:590)
	at io.netty.channel.DefaultChannelPipeline.access$000(DefaultChannelPipeline.java:44)
	at io.netty.channel.DefaultChannelPipeline$PendingHandlerAddedTask.execute(DefaultChannelPipeline.java:1355)
	at io.netty.channel.DefaultChannelPipeline.callHandlerAddedForAllHandlers(DefaultChannelPipeline.java:1090)
	at io.netty.channel.DefaultChannelPipeline.invokeHandlerAddedIfNeeded(DefaultChannelPipeline.java:640)
	at io.netty.channel.AbstractChannel$AbstractUnsafe.register0(AbstractChannel.java:452)
	at io.netty.channel.AbstractChannel$AbstractUnsafe.access$200(AbstractChannel.java:374)
	at io.netty.channel.AbstractChannel$AbstractUnsafe$1.run(AbstractChannel.java:424)
	at io.netty.util.concurrent.SingleThreadEventExecutor.runAllTasks(SingleThreadEventExecutor.java:399)
	at io.netty.channel.nio.NioEventLoop.run(NioEventLoop.java:464)
	at io.netty.util.concurrent.SingleThreadEventExecutor$2.run(SingleThreadEventExecutor.java:131)
	at io.netty.util.concurrent.DefaultThreadFactory$DefaultRunnableDecorator.run(DefaultThreadFactory.java:138)
	at java.lang.Thread.run(Thread.java:748)
12:47:25.041 [TriggersWorkerPool-3-2] ERROR com.firebase.server.client.GCFEmulatorPublisher - our-tubes-default-rtdb failed to publish trigger to functions emulator with exception
com.firebase.server.router.IdleTimeoutException: null
	at com.firebase.server.router.IdleStateDetectionHandler$.<init>(IdleStateDetectionHandler.scala:13)
	at com.firebase.server.router.IdleStateDetectionHandler$.<clinit>(IdleStateDetectionHandler.scala)
	at com.firebase.server.router.ServerChannelInitializer.$anonfun$initChannel$1(ServerChannelInitializer.scala:113)
	at com.firebase.server.router.ServerChannelInitializer$.withGroup(ServerChannelInitializer.scala:69)
	at com.firebase.server.router.ServerChannelInitializer.initChannel(ServerChannelInitializer.scala:110)
	at io.netty.channel.ChannelInitializer.initChannel(ChannelInitializer.java:113)
	at io.netty.channel.ChannelInitializer.handlerAdded(ChannelInitializer.java:105)
	at io.netty.channel.DefaultChannelPipeline.callHandlerAdded0(DefaultChannelPipeline.java:590)
	at io.netty.channel.DefaultChannelPipeline.access$000(DefaultChannelPipeline.java:44)
	at io.netty.channel.DefaultChannelPipeline$PendingHandlerAddedTask.execute(DefaultChannelPipeline.java:1355)
	at io.netty.channel.DefaultChannelPipeline.callHandlerAddedForAllHandlers(DefaultChannelPipeline.java:1090)
	at io.netty.channel.DefaultChannelPipeline.invokeHandlerAddedIfNeeded(DefaultChannelPipeline.java:640)
	at io.netty.channel.AbstractChannel$AbstractUnsafe.register0(AbstractChannel.java:452)
	at io.netty.channel.AbstractChannel$AbstractUnsafe.access$200(AbstractChannel.java:374)
	at io.netty.channel.AbstractChannel$AbstractUnsafe$1.run(AbstractChannel.java:424)
	at io.netty.util.concurrent.SingleThreadEventExecutor.runAllTasks(SingleThreadEventExecutor.java:399)
	at io.netty.channel.nio.NioEventLoop.run(NioEventLoop.java:464)
	at io.netty.util.concurrent.SingleThreadEventExecutor$2.run(SingleThreadEventExecutor.java:131)
	at io.netty.util.concurrent.DefaultThreadFactory$DefaultRunnableDecorator.run(DefaultThreadFactory.java:138)
	at java.lang.Thread.run(Thread.java:748)
12:47:25.042 [TriggersWorkerPool-3-1] ERROR com.firebase.server.client.GCFEmulatorPublisher - our-tubes-default-rtdb failed to publish trigger to functions emulator with exception
com.firebase.server.router.IdleTimeoutException: null
	at com.firebase.server.router.IdleStateDetectionHandler$.<init>(IdleStateDetectionHandler.scala:13)
	at com.firebase.server.router.IdleStateDetectionHandler$.<clinit>(IdleStateDetectionHandler.scala)
	at com.firebase.server.router.ServerChannelInitializer.$anonfun$initChannel$1(ServerChannelInitializer.scala:113)
	at com.firebase.server.router.ServerChannelInitializer$.withGroup(ServerChannelInitializer.scala:69)
	at com.firebase.server.router.ServerChannelInitializer.initChannel(ServerChannelInitializer.scala:110)
	at io.netty.channel.ChannelInitializer.initChannel(ChannelInitializer.java:113)
	at io.netty.channel.ChannelInitializer.handlerAdded(ChannelInitializer.java:105)
	at io.netty.channel.DefaultChannelPipeline.callHandlerAdded0(DefaultChannelPipeline.java:590)
	at io.netty.channel.DefaultChannelPipeline.access$000(DefaultChannelPipeline.java:44)
	at io.netty.channel.DefaultChannelPipeline$PendingHandlerAddedTask.execute(DefaultChannelPipeline.java:1355)
	at io.netty.channel.DefaultChannelPipeline.callHandlerAddedForAllHandlers(DefaultChannelPipeline.java:1090)
	at io.netty.channel.DefaultChannelPipeline.invokeHandlerAddedIfNeeded(DefaultChannelPipeline.java:640)
	at io.netty.channel.AbstractChannel$AbstractUnsafe.register0(AbstractChannel.java:452)
	at io.netty.channel.AbstractChannel$AbstractUnsafe.access$200(AbstractChannel.java:374)
	at io.netty.channel.AbstractChannel$AbstractUnsafe$1.run(AbstractChannel.java:424)
	at io.netty.util.concurrent.SingleThreadEventExecutor.runAllTasks(SingleThreadEventExecutor.java:399)
	at io.netty.channel.nio.NioEventLoop.run(NioEventLoop.java:464)
	at io.netty.util.concurrent.SingleThreadEventExecutor$2.run(SingleThreadEventExecutor.java:131)
	at io.netty.util.concurrent.DefaultThreadFactory$DefaultRunnableDecorator.run(DefaultThreadFactory.java:138)
	at java.lang.Thread.run(Thread.java:748)
12:47:25.043 [TriggersWorkerPool-3-2] ERROR com.firebase.server.client.GCFEmulatorPublisher - our-tubes-default-rtdb failed to publish trigger to functions emulator with exception
com.firebase.server.router.IdleTimeoutException: null
	at com.firebase.server.router.IdleStateDetectionHandler$.<init>(IdleStateDetectionHandler.scala:13)
	at com.firebase.server.router.IdleStateDetectionHandler$.<clinit>(IdleStateDetectionHandler.scala)
	at com.firebase.server.router.ServerChannelInitializer.$anonfun$initChannel$1(ServerChannelInitializer.scala:113)
	at com.firebase.server.router.ServerChannelInitializer$.withGroup(ServerChannelInitializer.scala:69)
	at com.firebase.server.router.ServerChannelInitializer.initChannel(ServerChannelInitializer.scala:110)
	at io.netty.channel.ChannelInitializer.initChannel(ChannelInitializer.java:113)
	at io.netty.channel.ChannelInitializer.handlerAdded(ChannelInitializer.java:105)
	at io.netty.channel.DefaultChannelPipeline.callHandlerAdded0(DefaultChannelPipeline.java:590)
	at io.netty.channel.DefaultChannelPipeline.access$000(DefaultChannelPipeline.java:44)
	at io.netty.channel.DefaultChannelPipeline$PendingHandlerAddedTask.execute(DefaultChannelPipeline.java:1355)
	at io.netty.channel.DefaultChannelPipeline.callHandlerAddedForAllHandlers(DefaultChannelPipeline.java:1090)
	at io.netty.channel.DefaultChannelPipeline.invokeHandlerAddedIfNeeded(DefaultChannelPipeline.java:640)
	at io.netty.channel.AbstractChannel$AbstractUnsafe.register0(AbstractChannel.java:452)
	at io.netty.channel.AbstractChannel$AbstractUnsafe.access$200(AbstractChannel.java:374)
	at io.netty.channel.AbstractChannel$AbstractUnsafe$1.run(AbstractChannel.java:424)
	at io.netty.util.concurrent.SingleThreadEventExecutor.runAllTasks(SingleThreadEventExecutor.java:399)
	at io.netty.channel.nio.NioEventLoop.run(NioEventLoop.java:464)
	at io.netty.util.concurrent.SingleThreadEventExecutor$2.run(SingleThreadEventExecutor.java:131)
	at io.netty.util.concurrent.DefaultThreadFactory$DefaultRunnableDecorator.run(DefaultThreadFactory.java:138)
	at java.lang.Thread.run(Thread.java:748)
12:47:25.046 [TriggersWorkerPool-3-2] ERROR com.firebase.server.client.GCFEmulatorPublisher - our-tubes-default-rtdb failed to publish trigger to functions emulator with exception
com.firebase.server.router.IdleTimeoutException: null
	at com.firebase.server.router.IdleStateDetectionHandler$.<init>(IdleStateDetectionHandler.scala:13)
	at com.firebase.server.router.IdleStateDetectionHandler$.<clinit>(IdleStateDetectionHandler.scala)
	at com.firebase.server.router.ServerChannelInitializer.$anonfun$initChannel$1(ServerChannelInitializer.scala:113)
	at com.firebase.server.router.ServerChannelInitializer$.withGroup(ServerChannelInitializer.scala:69)
	at com.firebase.server.router.ServerChannelInitializer.initChannel(ServerChannelInitializer.scala:110)
	at io.netty.channel.ChannelInitializer.initChannel(ChannelInitializer.java:113)
	at io.netty.channel.ChannelInitializer.handlerAdded(ChannelInitializer.java:105)
	at io.netty.channel.DefaultChannelPipeline.callHandlerAdded0(DefaultChannelPipeline.java:590)
	at io.netty.channel.DefaultChannelPipeline.access$000(DefaultChannelPipeline.java:44)
	at io.netty.channel.DefaultChannelPipeline$PendingHandlerAddedTask.execute(DefaultChannelPipeline.java:1355)
	at io.netty.channel.DefaultChannelPipeline.callHandlerAddedForAllHandlers(DefaultChannelPipeline.java:1090)
	at io.netty.channel.DefaultChannelPipeline.invokeHandlerAddedIfNeeded(DefaultChannelPipeline.java:640)
	at io.netty.channel.AbstractChannel$AbstractUnsafe.register0(AbstractChannel.java:452)
	at io.netty.channel.AbstractChannel$AbstractUnsafe.access$200(AbstractChannel.java:374)
	at io.netty.channel.AbstractChannel$AbstractUnsafe$1.run(AbstractChannel.java:424)
	at io.netty.util.concurrent.SingleThreadEventExecutor.runAllTasks(SingleThreadEventExecutor.java:399)
	at io.netty.channel.nio.NioEventLoop.run(NioEventLoop.java:464)
	at io.netty.util.concurrent.SingleThreadEventExecutor$2.run(SingleThreadEventExecutor.java:131)
	at io.netty.util.concurrent.DefaultThreadFactory$DefaultRunnableDecorator.run(DefaultThreadFactory.java:138)
	at java.lang.Thread.run(Thread.java:748)
12:47:25.046 [TriggersWorkerPool-3-1] ERROR com.firebase.server.client.GCFEmulatorPublisher - our-tubes-default-rtdb failed to publish trigger to functions emulator with exception
com.firebase.server.router.IdleTimeoutException: null
	at com.firebase.server.router.IdleStateDetectionHandler$.<init>(IdleStateDetectionHandler.scala:13)
	at com.firebase.server.router.IdleStateDetectionHandler$.<clinit>(IdleStateDetectionHandler.scala)
	at com.firebase.server.router.ServerChannelInitializer.$anonfun$initChannel$1(ServerChannelInitializer.scala:113)
	at com.firebase.server.router.ServerChannelInitializer$.withGroup(ServerChannelInitializer.scala:69)
	at com.firebase.server.router.ServerChannelInitializer.initChannel(ServerChannelInitializer.scala:110)
	at io.netty.channel.ChannelInitializer.initChannel(ChannelInitializer.java:113)
	at io.netty.channel.ChannelInitializer.handlerAdded(ChannelInitializer.java:105)
	at io.netty.channel.DefaultChannelPipeline.callHandlerAdded0(DefaultChannelPipeline.java:590)
	at io.netty.channel.DefaultChannelPipeline.access$000(DefaultChannelPipeline.java:44)
	at io.netty.channel.DefaultChannelPipeline$PendingHandlerAddedTask.execute(DefaultChannelPipeline.java:1355)
	at io.netty.channel.DefaultChannelPipeline.callHandlerAddedForAllHandlers(DefaultChannelPipeline.java:1090)
	at io.netty.channel.DefaultChannelPipeline.invokeHandlerAddedIfNeeded(DefaultChannelPipeline.java:640)
	at io.netty.channel.AbstractChannel$AbstractUnsafe.register0(AbstractChannel.java:452)
	at io.netty.channel.AbstractChannel$AbstractUnsafe.access$200(AbstractChannel.java:374)
	at io.netty.channel.AbstractChannel$AbstractUnsafe$1.run(AbstractChannel.java:424)
	at io.netty.util.concurrent.SingleThreadEventExecutor.runAllTasks(SingleThreadEventExecutor.java:399)
	at io.netty.channel.nio.NioEventLoop.run(NioEventLoop.java:464)
	at io.netty.util.concurrent.SingleThreadEventExecutor$2.run(SingleThreadEventExecutor.java:131)
	at io.netty.util.concurrent.DefaultThreadFactory$DefaultRunnableDecorator.run(DefaultThreadFactory.java:138)
	at java.lang.Thread.run(Thread.java:748)
17:14:21.219 [NamespaceSystem-akka.actor.default-dispatcher-176:our-tubes-default-rtdb$288444858::our-tubes-default-rtdb$-2087980963:] INFO com.firebase.core.namespace.rules.triggers.TriggerEvalContext$ - Long trigger evaluation. Total time: 696. Trigger definition: EventFlowTrigger(projects/our-tubes/locations/_/functions/onUserStatusChanged-0, List(lives, {roomId}, status, {uid}), providers/google.firebase.database/eventTypes/ref.update, None, projects/our-tubes/topics/onUserStatusChanged-0)
